<?xml version="1.0" encoding="UTF-8"?>
<testsuite xmlns:xsi="http://www.w3.org/2001/XMLSchema-instance" xsi:noNamespaceSchemaLocation="https://maven.apache.org/surefire/maven-surefire-plugin/xsd/surefire-test-report-3.0.xsd" version="3.0" name="TestSuite" time="167.788" tests="2" errors="0" skipped="0" failures="1">
  <properties>
[...]
</properties>
  <testcase name="bookingDetailsTest" classname="tests.booking.BookinDetailsTest" time="117.506">
    <failure message="Expected condition failed: waiting for presence of element located by: By.xpath: //dt[contains(.,&apos;To)]/following-sibling::dd[1] (tried for 60 second(s) with 500 milliseconds interval)" type="org.openqa.selenium.TimeoutException"><![CDATA[org.openqa.selenium.TimeoutException: Expected condition failed: waiting for presence of element located by: By.xpath: //dt[contains(.,'To)]/following-sibling::dd[1] (tried for 60 second(s) with 500 milliseconds interval)
	at tests.booking.BookinDetailsTest.bookingDetailsTest(BookinDetailsTest.java:40)
Caused by: org.openqa.selenium.InvalidSelectorException: 
invalid selector: Unable to locate an element with the xpath expression //dt[contains(.,'To)]/following-sibling::dd[1] because of the following error:
SyntaxError: Failed to execute 'evaluate' on 'Document': The string '//dt[contains(.,'To)]/following-sibling::dd[1]' is not a valid XPath expression.
  (Session info: chrome=91.0.4472.77)
For documentation on this error, please visit: http://seleniumhq.org/exceptions/invalid_selector_exception.html
Build info: version: '3.14.0', revision: 'aacccce0', time: '2018-08-02T20:19:58.91Z'
System info: host: 'DESKTOP-9K12GLO', ip: '192.168.1.104', os.name: 'Windows 10', os.arch: 'amd64', os.version: '10.0', java.version: '11.0.11'
Driver info: org.openqa.selenium.chrome.ChromeDriver
Capabilities {acceptInsecureCerts: false, browserName: chrome, browserVersion: 91.0.4472.77, chrome: {chromedriverVersion: 90.0.4430.24 (4c6d850f087da..., userDataDir: C:\Users\admin\AppData\Loca...}, goog:chromeOptions: {debuggerAddress: localhost:57158}, javascriptEnabled: true, networkConnectionEnabled: false, pageLoadStrategy: normal, platform: WINDOWS, platformName: WINDOWS, proxy: Proxy(), setWindowRect: true, strictFileInteractability: false, timeouts: {implicit: 0, pageLoad: 300000, script: 30000}, unhandledPromptBehavior: dismiss and notify, webauthn:extension:largeBlob: true, webauthn:virtualAuthenticators: true}
Session ID: 86076e88e2f08c5f120d4f11a87d018f
*** Element info: {Using=xpath, value=//dt[contains(.,'To)]/following-sibling::dd[1]}
	at tests.booking.BookinDetailsTest.bookingDetailsTest(BookinDetailsTest.java:40)
]]></failure>
    <system-err><![CDATA[Starting ChromeDriver 90.0.4430.24 (4c6d850f087da467d926e8eddb76550aed655991-refs/branch-heads/4430@{#429}) on port 20326
Only local connections are allowed.
Please see https://chromedriver.chromium.org/security-considerations for suggestions on keeping ChromeDriver safe.
ChromeDriver was started successfully.
[1622631609.566][WARNING]: This version of ChromeDriver has not been tested with Chrome version 91.
Jun 02, 2021 4:30:09 PM org.openqa.selenium.remote.ProtocolHandshake createSession
INFO: Detected dialect: W3C
6755 [main] INFO common.BasePage - Url successfully launched: https://www.booking.com/index.en-gb.html
6756 [main] INFO common.BasePage - Before wait for DomLoad 
7824 [main] INFO common.BasePage - After wait for DomLoad
7824 [main] INFO common.BasePage - Before clicking Element: By.xpath: //span[contains(.,'Sign in')]
7824 [main] INFO common.BasePage - Before waitForElement: By.xpath: //span[contains(.,'Sign in')]
7869 [main] INFO common.BasePage - After waitForElement: By.xpath: //span[contains(.,'Sign in')]
10738 [main] INFO common.BasePage - After clicking Element: By.xpath: //span[contains(.,'Sign in')]
10911 [main] INFO common.BasePage - Before wait for DomLoad 
12023 [main] INFO common.BasePage - After wait for DomLoad
12024 [main] INFO common.BasePage - Before entering textqweroty@exmple11.comin Element: By.id: username
12024 [main] INFO common.BasePage - Before waitForElement: By.id: username
12046 [main] INFO common.BasePage - After waitForElement: By.id: username
12212 [main] INFO common.BasePage - After entering textqweroty@exmple11.comin Element: By.id: username
12328 [main] INFO common.BasePage - Before clicking Element: By.xpath: //span[contains(.,'Continue with email')]
12328 [main] INFO common.BasePage - Before waitForElement: By.xpath: //span[contains(.,'Continue with email')]
12344 [main] INFO common.BasePage - After waitForElement: By.xpath: //span[contains(.,'Continue with email')]
12499 [main] INFO common.BasePage - After clicking Element: By.xpath: //span[contains(.,'Continue with email')]
12757 [main] INFO common.BasePage - Before wait for DomLoad 
13789 [main] INFO common.BasePage - After wait for DomLoad
13789 [main] INFO common.BasePage - Before entering textAbcde12345in Element: By.id: password
13789 [main] INFO common.BasePage - Before waitForElement: By.id: password
13822 [main] INFO common.BasePage - After waitForElement: By.id: password
13975 [main] INFO common.BasePage - After entering textAbcde12345in Element: By.id: password
14115 [main] INFO common.BasePage - Before clicking Element: By.xpath: //span[contains(.,'Sign in')]
14115 [main] INFO common.BasePage - Before waitForElement: By.xpath: //span[contains(.,'Sign in')]
14135 [main] INFO common.BasePage - After waitForElement: By.xpath: //span[contains(.,'Sign in')]
14220 [main] INFO common.BasePage - After clicking Element: By.xpath: //span[contains(.,'Sign in')]
14371 [main] INFO common.BasePage - Before wait for DomLoad 
18772 [main] INFO common.BasePage - After wait for DomLoad
18773 [main] INFO common.BasePage - Before clicking Element: By.xpath: //span[contains(.,'Airport taxis')]
18773 [main] INFO common.BasePage - Before waitForElement: By.xpath: //span[contains(.,'Airport taxis')]
18880 [main] INFO common.BasePage - After waitForElement: By.xpath: //span[contains(.,'Airport taxis')]
19059 [main] INFO common.BasePage - Before waitForElement: By.xpath: //span[contains(.,'Airport taxis')]
19407 [main] INFO common.BasePage - After waitForElement: By.xpath: //span[contains(.,'Airport taxis')]
22244 [main] INFO common.BasePage - After clicking Element: By.xpath: //span[contains(.,'Airport taxis')]
22677 [main] INFO common.BasePage - Before wait for DomLoad 
23738 [main] INFO common.BasePage - After wait for DomLoad
23738 [main] INFO common.BasePage - Before clicking Element: By.id: returnJourneyNegative
23738 [main] INFO common.BasePage - Before waitForElement: By.id: returnJourneyNegative
23774 [main] INFO common.BasePage - After waitForElement: By.id: returnJourneyNegative
23827 [main] INFO common.BasePage - After clicking Element: By.id: returnJourneyNegative
24198 [main] INFO common.BasePage - Before entering textKempegowda International Airportin Element: By.id: pickupLocation
24198 [main] INFO common.BasePage - Before waitForElement: By.id: pickupLocation
24220 [main] INFO common.BasePage - After waitForElement: By.id: pickupLocation
24452 [main] INFO common.BasePage - After entering textKempegowda International Airportin Element: By.id: pickupLocation
34489 [main] INFO common.BasePage - Before waitForElement: By.id: pickupLocation
34531 [main] INFO common.BasePage - After waitForElement: By.id: pickupLocation
34687 [main] INFO common.BasePage - sendKeyboardKey  :By.id: pickupLocation
34687 [main] INFO common.BasePage - Before waitForElement: By.id: pickupLocation
34714 [main] INFO common.BasePage - After waitForElement: By.id: pickupLocation
34809 [main] INFO common.BasePage - sendKeyboardKey  :By.id: pickupLocation
35186 [main] INFO common.BasePage - Before entering textSilverKey Executive Stays 20026 RR Nagarin Element: By.id: dropoffLocation
35186 [main] INFO common.BasePage - Before waitForElement: By.id: dropoffLocation
35207 [main] INFO common.BasePage - After waitForElement: By.id: dropoffLocation
35443 [main] INFO common.BasePage - After entering textSilverKey Executive Stays 20026 RR Nagarin Element: By.id: dropoffLocation
45459 [main] INFO common.BasePage - Before waitForElement: By.id: dropoffLocation
45503 [main] INFO common.BasePage - After waitForElement: By.id: dropoffLocation
45609 [main] INFO common.BasePage - sendKeyboardKey  :By.id: dropoffLocation
45609 [main] INFO common.BasePage - Before waitForElement: By.id: dropoffLocation
45638 [main] INFO common.BasePage - After waitForElement: By.id: dropoffLocation
45752 [main] INFO common.BasePage - sendKeyboardKey  :By.id: dropoffLocation
46197 [main] INFO common.BasePage - Before clicking Element: By.xpath: //button[@aria-label='pickup date input field']
46197 [main] INFO common.BasePage - Before waitForElement: By.xpath: //button[@aria-label='pickup date input field']
46226 [main] INFO common.BasePage - After waitForElement: By.xpath: //button[@aria-label='pickup date input field']
46382 [main] INFO common.BasePage - After clicking Element: By.xpath: //button[@aria-label='pickup date input field']
46382 [main] INFO common.BasePage - Before clicking Element: By.xpath: //a[@aria-label='4, June 2021']
46382 [main] INFO common.BasePage - Before waitForElement: By.xpath: //a[@aria-label='4, June 2021']
46415 [main] INFO common.BasePage - After waitForElement: By.xpath: //a[@aria-label='4, June 2021']
46526 [main] INFO common.BasePage - After clicking Element: By.xpath: //a[@aria-label='4, June 2021']
46826 [main] INFO common.BasePage - Before clicking Element: By.xpath: //button[@aria-label='pickup time input field']
46826 [main] INFO common.BasePage - Before waitForElement: By.xpath: //button[@aria-label='pickup time input field']
46844 [main] INFO common.BasePage - After waitForElement: By.xpath: //button[@aria-label='pickup time input field']
46933 [main] INFO common.BasePage - After clicking Element: By.xpath: //button[@aria-label='pickup time input field']
46933 [main] INFO common.BasePage - Before Selecting 03 from Dropdown: By.id: pickupHour
46936 [main] INFO common.BasePage - Before waitForElement: By.id: pickupHour
46959 [main] INFO common.BasePage - After waitForElement: By.id: pickupHour
47137 [main] INFO common.BasePage - After Selecting 03 from Dropdown: By.id: pickupHour
47137 [main] INFO common.BasePage - Before Selecting 15 from Dropdown: By.id: pickupMinute
47137 [main] INFO common.BasePage - Before waitForElement: By.id: pickupMinute
47155 [main] INFO common.BasePage - After waitForElement: By.id: pickupMinute
47439 [main] INFO common.BasePage - After Selecting 15 from Dropdown: By.id: pickupMinute
47439 [main] INFO common.BasePage - Before clicking Element: By.xpath: //span[contains(.,'Confirm')]
47439 [main] INFO common.BasePage - Before waitForElement: By.xpath: //span[contains(.,'Confirm')]
47466 [main] INFO common.BasePage - After waitForElement: By.xpath: //span[contains(.,'Confirm')]
47546 [main] INFO common.BasePage - After clicking Element: By.xpath: //span[contains(.,'Confirm')]
47835 [main] INFO common.BasePage - Before Selecting 2 from Dropdown: By.id: passengers
47835 [main] INFO common.BasePage - Before waitForElement: By.id: passengers
47855 [main] INFO common.BasePage - After waitForElement: By.id: passengers
47988 [main] INFO common.BasePage - After Selecting 2 from Dropdown: By.id: passengers
48297 [main] INFO common.BasePage - Before clicking Element: By.xpath: //span[contains(.,'Search')]
48297 [main] INFO common.BasePage - Before waitForElement: By.xpath: //span[contains(.,'Search')]
48314 [main] INFO common.BasePage - After waitForElement: By.xpath: //span[contains(.,'Search')]
55779 [main] INFO common.BasePage - After clicking Element: By.xpath: //span[contains(.,'Search')]
55937 [main] INFO common.BasePage - Before wait for DomLoad 
56996 [main] INFO common.BasePage - After wait for DomLoad
56997 [main] INFO common.BasePage - Before waitForElement: By.xpath: //dt[contains(.,'To)]/following-sibling::dd[1]
]]></system-err>
  </testcase>
  <testcase name="loginTest" classname="tests.login.LoginTest" time="37.047">
    <system-err><![CDATA[Starting ChromeDriver 90.0.4430.24 (4c6d850f087da467d926e8eddb76550aed655991-refs/branch-heads/4430@{#429}) on port 37781
Only local connections are allowed.
Please see https://chromedriver.chromium.org/security-considerations for suggestions on keeping ChromeDriver safe.
ChromeDriver was started successfully.
[1622631734.404][WARNING]: This version of ChromeDriver has not been tested with Chrome version 91.
Jun 02, 2021 4:32:14 PM org.openqa.selenium.remote.ProtocolHandshake createSession
INFO: Detected dialect: W3C
132801 [main] INFO common.BasePage - Url successfully launched: https://www.booking.com/index.en-gb.html
132801 [main] INFO common.BasePage - Before wait for DomLoad 
133950 [main] INFO common.BasePage - After wait for DomLoad
133950 [main] INFO common.BasePage - Before clicking Element: By.xpath: //span[contains(.,'Sign in')]
133950 [main] INFO common.BasePage - Before waitForElement: By.xpath: //span[contains(.,'Sign in')]
134050 [main] INFO common.BasePage - After waitForElement: By.xpath: //span[contains(.,'Sign in')]
136984 [main] INFO common.BasePage - After clicking Element: By.xpath: //span[contains(.,'Sign in')]
137132 [main] INFO common.BasePage - Before wait for DomLoad 
138165 [main] INFO common.BasePage - After wait for DomLoad
138165 [main] INFO common.BasePage - Before entering textqweroty@exmple11.comin Element: By.id: username
138165 [main] INFO common.BasePage - Before waitForElement: By.id: username
138192 [main] INFO common.BasePage - After waitForElement: By.id: username
138430 [main] INFO common.BasePage - After entering textqweroty@exmple11.comin Element: By.id: username
138539 [main] INFO common.BasePage - Before clicking Element: By.xpath: //span[contains(.,'Continue with email')]
138540 [main] INFO common.BasePage - Before waitForElement: By.xpath: //span[contains(.,'Continue with email')]
138557 [main] INFO common.BasePage - After waitForElement: By.xpath: //span[contains(.,'Continue with email')]
138639 [main] INFO common.BasePage - After clicking Element: By.xpath: //span[contains(.,'Continue with email')]
138936 [main] INFO common.BasePage - Before wait for DomLoad 
139963 [main] INFO common.BasePage - After wait for DomLoad
139964 [main] INFO common.BasePage - Before entering textAbcde12345in Element: By.id: password
139964 [main] INFO common.BasePage - Before waitForElement: By.id: password
140030 [main] INFO common.BasePage - After waitForElement: By.id: password
140189 [main] INFO common.BasePage - After entering textAbcde12345in Element: By.id: password
140314 [main] INFO common.BasePage - Before clicking Element: By.xpath: //span[contains(.,'Sign in')]
140314 [main] INFO common.BasePage - Before waitForElement: By.xpath: //span[contains(.,'Sign in')]
140333 [main] INFO common.BasePage - After waitForElement: By.xpath: //span[contains(.,'Sign in')]
140407 [main] INFO common.BasePage - After clicking Element: By.xpath: //span[contains(.,'Sign in')]
140408 [main] INFO common.BasePage - Before wait for DomLoad 
145468 [main] INFO common.BasePage - After wait for DomLoad
145468 [main] INFO common.BasePage - Before clicking Element: By.id: profile-menu-trigger--title
145468 [main] INFO common.BasePage - Before waitForElement: By.id: profile-menu-trigger--title
145634 [main] INFO common.BasePage - After waitForElement: By.id: profile-menu-trigger--title
146062 [main] INFO common.BasePage - After clicking Element: By.id: profile-menu-trigger--title
146327 [main] INFO common.BasePage - Before clicking Element: By.xpath: //span[contains(.,'Sign out')]
146327 [main] INFO common.BasePage - Before waitForElement: By.xpath: //span[contains(.,'Sign out')]
146361 [main] INFO common.BasePage - After waitForElement: By.xpath: //span[contains(.,'Sign out')]
150136 [main] INFO common.BasePage - After clicking Element: By.xpath: //span[contains(.,'Sign out')]
150370 [main] INFO common.BasePage - Before wait for DomLoad 
151459 [main] INFO common.BasePage - After wait for DomLoad
154108 [main] INFO common.BasePage - Url successfully launched: https://www.booking.com/index.en-gb.html
154108 [main] INFO common.BasePage - Before wait for DomLoad 
155156 [main] INFO common.BasePage - After wait for DomLoad
155156 [main] INFO common.BasePage - Before clicking Element: By.xpath: //span[contains(.,'Sign in')]
155156 [main] INFO common.BasePage - Before waitForElement: By.xpath: //span[contains(.,'Sign in')]
155180 [main] INFO common.BasePage - After waitForElement: By.xpath: //span[contains(.,'Sign in')]
157315 [main] INFO common.BasePage - After clicking Element: By.xpath: //span[contains(.,'Sign in')]
157504 [main] INFO common.BasePage - Before wait for DomLoad 
158534 [main] INFO common.BasePage - After wait for DomLoad
158535 [main] INFO common.BasePage - Before entering textqweroty@exmple11.comin Element: By.id: username
158535 [main] INFO common.BasePage - Before waitForElement: By.id: username
158579 [main] INFO common.BasePage - After waitForElement: By.id: username
158810 [main] INFO common.BasePage - After entering textqweroty@exmple11.comin Element: By.id: username
158936 [main] INFO common.BasePage - Before clicking Element: By.xpath: //span[contains(.,'Continue with email')]
158936 [main] INFO common.BasePage - Before waitForElement: By.xpath: //span[contains(.,'Continue with email')]
158959 [main] INFO common.BasePage - After waitForElement: By.xpath: //span[contains(.,'Continue with email')]
159092 [main] INFO common.BasePage - After clicking Element: By.xpath: //span[contains(.,'Continue with email')]
159359 [main] INFO common.BasePage - Before wait for DomLoad 
160402 [main] INFO common.BasePage - After wait for DomLoad
160403 [main] INFO common.BasePage - Before entering textAbcde1in Element: By.id: password
160403 [main] INFO common.BasePage - Before waitForElement: By.id: password
160429 [main] INFO common.BasePage - After waitForElement: By.id: password
160574 [main] INFO common.BasePage - After entering textAbcde1in Element: By.id: password
160702 [main] INFO common.BasePage - Before clicking Element: By.xpath: //span[contains(.,'Sign in')]
160702 [main] INFO common.BasePage - Before waitForElement: By.xpath: //span[contains(.,'Sign in')]
160722 [main] INFO common.BasePage - After waitForElement: By.xpath: //span[contains(.,'Sign in')]
160839 [main] INFO common.BasePage - After clicking Element: By.xpath: //span[contains(.,'Sign in')]
160839 [main] INFO common.BasePage - Before wait for DomLoad 
161877 [main] INFO common.BasePage - After wait for DomLoad
161878 [main] INFO common.BasePage - Before waitForElement: By.id: password-description
161923 [main] INFO common.BasePage - After waitForElement: By.id: password-description
162000 [main] INFO common.BasePage - GetElementText for locator :By.id: password-description
162000 [main] INFO pages.LoginPage - Expected :- The email and password combination you entered doesn't match Actual:- The email and password combination you entered doesn't match
]]></system-err>
  </testcase>
</testsuite>